<?xml version="1.0" encoding="UTF-8"?>
<testng-results ignored="0" total="2" passed="2" failed="0" skipped="0">
  <reporter-output>
  </reporter-output>
  <suite started-at="2024-09-25T09:45:55 IST" name="PetSuite" finished-at="2024-09-25T09:46:05 IST" duration-ms="10607">
    <groups>
    </groups>
    <test started-at="2024-09-25T09:45:55 IST" name="Test" finished-at="2024-09-25T09:46:05 IST" duration-ms="10607">
      <class name="api.test.UserTests2">
        <test-method is-config="true" signature="setUpData()[pri:0, instance:api.test.UserTests2@1e7aa82b]" started-at="2024-09-25T09:45:55 IST" name="setUpData" finished-at="2024-09-25T09:45:56 IST" duration-ms="705" status="PASS">
          <reporter-output>
          </reporter-output>
        </test-method> <!-- setUpData -->
        <test-method signature="testPostUser()[pri:1, instance:api.test.UserTests2@1e7aa82b]" started-at="2024-09-25T09:45:56 IST" name="testPostUser" finished-at="2024-09-25T09:46:04 IST" duration-ms="7586" status="PASS">
          <reporter-output>
          </reporter-output>
        </test-method> <!-- testPostUser -->
        <test-method signature="testGetUserByName()[pri:2, instance:api.test.UserTests2@1e7aa82b]" started-at="2024-09-25T09:46:04 IST" name="testGetUserByName" finished-at="2024-09-25T09:46:05 IST" duration-ms="1643" status="PASS">
          <reporter-output>
          </reporter-output>
        </test-method> <!-- testGetUserByName -->
      </class> <!-- api.test.UserTests2 -->
    </test> <!-- Test -->
  </suite> <!-- PetSuite -->
</testng-results>
