<?xml version="1.0" encoding="UTF-8"?>
<!-- Generated by org.testng.reporters.JUnitXMLReporter -->
<testsuite ignored="0" hostname="Asam" failures="1" tests="3" name="Test" time="9.054" errors="0" timestamp="2024-09-25T09:30:02 IST">
  <testcase classname="api.test.UserTests2" name="testPostUser" time="5.283"/>
  <testcase classname="api.test.UserTests2" name="testGetUserByName" time="2.812"/>
  <testcase classname="api.test.UserTests2" name="testUpdateUser" time="0.004">
    <failure type="java.util.MissingResourceException" message="Can&amp;apos;t find resource for bundle java.util.PropertyResourceBundle, key update_url">
      <![CDATA[java.util.MissingResourceException: Can't find resource for bundle java.util.PropertyResourceBundle, key update_url
at java.base/java.util.ResourceBundle.getObject(ResourceBundle.java:564)
at java.base/java.util.ResourceBundle.getString(ResourceBundle.java:521)
at api.endPoints.UserEndPoints2.updateUser(UserEndPoints2.java:52)
at api.test.UserTests2.testUpdateUser(UserTests2.java:74)
at java.base/java.util.ArrayList.forEach(ArrayList.java:1511)
... Removed 27 stack frames]]>
    </failure>
  </testcase> <!-- testUpdateUser -->
</testsuite> <!-- Test -->
